This file contains any messages produced by compilers while
running configure, to aid debugging if configure makes a mistake.

It was created by configure, which was
generated by GNU Autoconf 2.69.  Invocation command line was

  $ ./configure 

## --------- ##
## Platform. ##
## --------- ##

hostname = titan18.eng.uts.edu.au
uname -m = x86_64
uname -r = 3.10.0-693.11.6.el7.x86_64
uname -s = Linux
uname -v = #1 SMP Thu Dec 28 14:23:39 EST 2017

/usr/bin/uname -p = x86_64
/bin/uname -X     = unknown

/bin/arch              = x86_64
/usr/bin/arch -k       = unknown
/usr/convex/getsysinfo = unknown
/usr/bin/hostinfo      = unknown
/bin/machine           = unknown
/usr/bin/oslevel       = unknown
/bin/universe          = unknown

PATH: /opt/intel/xe_2016/compilers_and_libraries_2016.4.258/linux/bin/intel64
PATH: /opt/intel/xe_2016/compilers_and_libraries_2016.4.258/linux/mpi/intel64/bin
PATH: /opt/intel/xe_2016/debugger_2016/gdb/intel64_mic/bin
PATH: /opt/rh/rh-java-common/root/usr/bin
PATH: /opt/rh/devtoolset-4/root/usr/bin
PATH: /usr/lib64/qt-3.3/bin
PATH: /usr/local/bin
PATH: /usr/bin
PATH: /usr/local/sbin
PATH: /usr/sbin
PATH: /home/taotang/VelvetOptimiser-2.2.5
PATH: /home/taotang/.local/bin
PATH: /home/taotang/bin


## ----------- ##
## Core tests. ##
## ----------- ##

configure:2088: checking for g++
configure:2104: found /opt/rh/devtoolset-4/root/usr/bin/g++
configure:2115: result: g++
configure:2142: checking for C++ compiler version
configure:2151: g++ --version >&5
g++ (GCC) 5.3.1 20160406 (Red Hat 5.3.1-6)
Copyright (C) 2015 Free Software Foundation, Inc.
This is free software; see the source for copying conditions.  There is NO
warranty; not even for MERCHANTABILITY or FITNESS FOR A PARTICULAR PURPOSE.

configure:2162: $? = 0
configure:2151: g++ -v >&5
Using built-in specs.
COLLECT_GCC=g++
COLLECT_LTO_WRAPPER=/opt/rh/devtoolset-4/root/usr/libexec/gcc/x86_64-redhat-linux/5.3.1/lto-wrapper
Target: x86_64-redhat-linux
Configured with: ../configure --enable-bootstrap --enable-languages=c,c++,fortran,lto --prefix=/opt/rh/devtoolset-4/root/usr --mandir=/opt/rh/devtoolset-4/root/usr/share/man --infodir=/opt/rh/devtoolset-4/root/usr/share/info --with-bugurl=http://bugzilla.redhat.com/bugzilla --enable-shared --enable-threads=posix --enable-checking=release --enable-multilib --with-system-zlib --enable-__cxa_atexit --disable-libunwind-exceptions --enable-gnu-unique-object --enable-linker-build-id --enable-plugin --with-linker-hash-style=gnu --enable-initfini-array --disable-libgcj --with-default-libstdcxx-abi=gcc4-compatible --with-isl=/builddir/build/BUILD/gcc-5.3.1-20160406/obj-x86_64-redhat-linux/isl-install --enable-libmpx --enable-gnu-indirect-function --with-tune=generic --with-arch_32=i686 --build=x86_64-redhat-linux
Thread model: posix
gcc version 5.3.1 20160406 (Red Hat 5.3.1-6) (GCC) 
configure:2162: $? = 0
configure:2151: g++ -V >&5
g++: error: unrecognized command line option '-V'
g++: fatal error: no input files
compilation terminated.
configure:2162: $? = 1
configure:2151: g++ -qversion >&5
g++: error: unrecognized command line option '-qversion'
g++: fatal error: no input files
compilation terminated.
configure:2162: $? = 1
configure:2182: checking whether the C++ compiler works
configure:2204: g++    conftest.cpp  >&5
configure:2208: $? = 0
configure:2256: result: yes
configure:2259: checking for C++ compiler default output file name
configure:2261: result: a.out
configure:2267: checking for suffix of executables
configure:2274: g++ -o conftest    conftest.cpp  >&5
configure:2278: $? = 0
configure:2300: result: 
configure:2322: checking whether we are cross compiling
configure:2330: g++ -o conftest    conftest.cpp  >&5
configure:2334: $? = 0
configure:2341: ./conftest
configure:2345: $? = 0
configure:2360: result: no
configure:2365: checking for suffix of object files
configure:2387: g++ -c   conftest.cpp >&5
configure:2391: $? = 0
configure:2412: result: o
configure:2416: checking whether we are using the GNU C++ compiler
configure:2435: g++ -c   conftest.cpp >&5
configure:2435: $? = 0
configure:2444: result: yes
configure:2453: checking whether g++ accepts -g
configure:2473: g++ -c -g  conftest.cpp >&5
configure:2473: $? = 0
configure:2514: result: yes
configure:2543: checking how to run the C++ preprocessor
configure:2570: g++ -E  conftest.cpp
configure:2570: $? = 0
configure:2584: g++ -E  conftest.cpp
conftest.cpp:9:28: fatal error: ac_nonexistent.h: No such file or directory
compilation terminated.
configure:2584: $? = 1
configure: failed program was:
| /* confdefs.h */
| #define PACKAGE_NAME ""
| #define PACKAGE_TARNAME ""
| #define PACKAGE_VERSION ""
| #define PACKAGE_STRING ""
| #define PACKAGE_BUGREPORT ""
| #define PACKAGE_URL ""
| /* end confdefs.h.  */
| #include <ac_nonexistent.h>
configure:2609: result: g++ -E
configure:2629: g++ -E  conftest.cpp
configure:2629: $? = 0
configure:2643: g++ -E  conftest.cpp
conftest.cpp:9:28: fatal error: ac_nonexistent.h: No such file or directory
compilation terminated.
configure:2643: $? = 1
configure: failed program was:
| /* confdefs.h */
| #define PACKAGE_NAME ""
| #define PACKAGE_TARNAME ""
| #define PACKAGE_VERSION ""
| #define PACKAGE_STRING ""
| #define PACKAGE_BUGREPORT ""
| #define PACKAGE_URL ""
| /* end confdefs.h.  */
| #include <ac_nonexistent.h>
configure:2672: checking for grep that handles long lines and -e
configure:2730: result: /usr/bin/grep
configure:2735: checking for egrep
configure:2797: result: /usr/bin/grep -E
configure:2802: checking for ANSI C header files
configure:2822: g++ -c -g -O2  conftest.cpp >&5
configure:2822: $? = 0
configure:2895: g++ -o conftest -g -O2   conftest.cpp  >&5
configure:2895: $? = 0
configure:2895: ./conftest
configure:2895: $? = 0
configure:2906: result: yes
configure:2919: checking for sys/types.h
configure:2919: g++ -c -g -O2  conftest.cpp >&5
configure:2919: $? = 0
configure:2919: result: yes
configure:2919: checking for sys/stat.h
configure:2919: g++ -c -g -O2  conftest.cpp >&5
configure:2919: $? = 0
configure:2919: result: yes
configure:2919: checking for stdlib.h
configure:2919: g++ -c -g -O2  conftest.cpp >&5
configure:2919: $? = 0
configure:2919: result: yes
configure:2919: checking for string.h
configure:2919: g++ -c -g -O2  conftest.cpp >&5
configure:2919: $? = 0
configure:2919: result: yes
configure:2919: checking for memory.h
configure:2919: g++ -c -g -O2  conftest.cpp >&5
configure:2919: $? = 0
configure:2919: result: yes
configure:2919: checking for strings.h
configure:2919: g++ -c -g -O2  conftest.cpp >&5
configure:2919: $? = 0
configure:2919: result: yes
configure:2919: checking for inttypes.h
configure:2919: g++ -c -g -O2  conftest.cpp >&5
configure:2919: $? = 0
configure:2919: result: yes
configure:2919: checking for stdint.h
configure:2919: g++ -c -g -O2  conftest.cpp >&5
configure:2919: $? = 0
configure:2919: result: yes
configure:2919: checking for unistd.h
configure:2919: g++ -c -g -O2  conftest.cpp >&5
configure:2919: $? = 0
configure:2919: result: yes
configure:2931: checking zlib.h usability
configure:2931: g++ -c -g -O2  conftest.cpp >&5
configure:2931: $? = 0
configure:2931: result: yes
configure:2931: checking zlib.h presence
configure:2931: g++ -E  conftest.cpp
configure:2931: $? = 0
configure:2931: result: yes
configure:2931: checking for zlib.h
configure:2931: result: yes
configure:2947: checking for capnp
configure:2963: found /projects/NGSData/human/ECC/capnproto//bin/capnp
configure:2975: result: yes
configure:2991: checking capnp/common.h usability
configure:2991: g++ -c -g -O2 -I/projects/NGSData/human/ECC/capnproto//include -std=c++14 conftest.cpp >&5
configure:2991: $? = 0
configure:2991: result: yes
configure:2991: checking capnp/common.h presence
configure:2991: g++ -E -I/projects/NGSData/human/ECC/capnproto//include -std=c++14 conftest.cpp
configure:2991: $? = 0
configure:2991: result: yes
configure:2991: checking for capnp/common.h
configure:2991: result: yes
configure:3008: checking gsl/gsl_cdf.h usability
configure:3008: g++ -c -g -O2 -I/usr/local//include conftest.cpp >&5
configure:3008: $? = 0
configure:3008: result: yes
configure:3008: checking gsl/gsl_cdf.h presence
configure:3008: g++ -E -I/usr/local//include conftest.cpp
configure:3008: $? = 0
configure:3008: result: yes
configure:3008: checking for gsl/gsl_cdf.h
configure:3008: result: yes
configure:3212: creating ./config.status

## ---------------------- ##
## Running config.status. ##
## ---------------------- ##

This file was extended by config.status, which was
generated by GNU Autoconf 2.69.  Invocation command line was

  CONFIG_FILES    = 
  CONFIG_HEADERS  = 
  CONFIG_LINKS    = 
  CONFIG_COMMANDS = 
  $ ./config.status 

on titan18.eng.uts.edu.au

config.status:728: creating Makefile

## ---------------- ##
## Cache variables. ##
## ---------------- ##

ac_cv_cxx_compiler_gnu=yes
ac_cv_env_CCC_set=
ac_cv_env_CCC_value=
ac_cv_env_CPPFLAGS_set=
ac_cv_env_CPPFLAGS_value=
ac_cv_env_CXXCPP_set=
ac_cv_env_CXXCPP_value=
ac_cv_env_CXXFLAGS_set=
ac_cv_env_CXXFLAGS_value=
ac_cv_env_CXX_set=
ac_cv_env_CXX_value=
ac_cv_env_LDFLAGS_set=
ac_cv_env_LDFLAGS_value=
ac_cv_env_LIBS_set=
ac_cv_env_LIBS_value=
ac_cv_env_build_alias_set=
ac_cv_env_build_alias_value=
ac_cv_env_host_alias_set=
ac_cv_env_host_alias_value=
ac_cv_env_target_alias_set=
ac_cv_env_target_alias_value=
ac_cv_header_capnp_common_h=yes
ac_cv_header_gsl_gsl_cdf_h=yes
ac_cv_header_inttypes_h=yes
ac_cv_header_memory_h=yes
ac_cv_header_stdc=yes
ac_cv_header_stdint_h=yes
ac_cv_header_stdlib_h=yes
ac_cv_header_string_h=yes
ac_cv_header_strings_h=yes
ac_cv_header_sys_stat_h=yes
ac_cv_header_sys_types_h=yes
ac_cv_header_unistd_h=yes
ac_cv_header_zlib_h=yes
ac_cv_objext=o
ac_cv_path_EGREP='/usr/bin/grep -E'
ac_cv_path_GREP=/usr/bin/grep
ac_cv_prog_CXXCPP='g++ -E'
ac_cv_prog_ac_ct_CXX=g++
ac_cv_prog_capnpCheck=yes
ac_cv_prog_cxx_g=yes

## ----------------- ##
## Output variables. ##
## ----------------- ##

CPPFLAGS='-I/usr/local//include'
CXX='g++'
CXXCPP='g++ -E'
CXXFLAGS='-g -O2'
DEFS='-DPACKAGE_NAME=\"\" -DPACKAGE_TARNAME=\"\" -DPACKAGE_VERSION=\"\" -DPACKAGE_STRING=\"\" -DPACKAGE_BUGREPORT=\"\" -DPACKAGE_URL=\"\" -DSTDC_HEADERS=1 -DHAVE_SYS_TYPES_H=1 -DHAVE_SYS_STAT_H=1 -DHAVE_STDLIB_H=1 -DHAVE_STRING_H=1 -DHAVE_MEMORY_H=1 -DHAVE_STRINGS_H=1 -DHAVE_INTTYPES_H=1 -DHAVE_STDINT_H=1 -DHAVE_UNISTD_H=1'
ECHO_C=''
ECHO_N='-n'
ECHO_T=''
EGREP='/usr/bin/grep -E'
EXEEXT=''
GREP='/usr/bin/grep'
LDFLAGS=''
LIBOBJS=''
LIBS=''
LTLIBOBJS=''
OBJEXT='o'
PACKAGE_BUGREPORT=''
PACKAGE_NAME=''
PACKAGE_STRING=''
PACKAGE_TARNAME=''
PACKAGE_URL=''
PACKAGE_VERSION=''
PATH_SEPARATOR=':'
SHELL='/bin/sh'
ac_ct_CXX='g++'
amcppflags=''
bindir='${exec_prefix}/bin'
build_alias=''
capnp='/projects/NGSData/human/ECC/capnproto/'
capnpCheck='yes'
datadir='${datarootdir}'
datarootdir='${prefix}/share'
docdir='${datarootdir}/doc/${PACKAGE}'
dvidir='${docdir}'
exec_prefix='${prefix}'
host_alias=''
htmldir='${docdir}'
includedir='${prefix}/include'
infodir='${datarootdir}/info'
libdir='${exec_prefix}/lib'
libexecdir='${exec_prefix}/libexec'
localedir='${datarootdir}/locale'
localstatedir='${prefix}/var'
mandir='${datarootdir}/man'
mathinc='/usr/local//include'
mathlib='-L/usr/local//lib -lgsl -lgslcblas'
oldincludedir='/usr/include'
pdfdir='${docdir}'
prefix='/usr/local'
program_transform_name='s,x,x,'
psdir='${docdir}'
sbindir='${exec_prefix}/sbin'
sharedstatedir='${prefix}/com'
sysconfdir='${prefix}/etc'
target_alias=''

## ----------- ##
## confdefs.h. ##
## ----------- ##

/* confdefs.h */
#define PACKAGE_NAME ""
#define PACKAGE_TARNAME ""
#define PACKAGE_VERSION ""
#define PACKAGE_STRING ""
#define PACKAGE_BUGREPORT ""
#define PACKAGE_URL ""
#define STDC_HEADERS 1
#define HAVE_SYS_TYPES_H 1
#define HAVE_SYS_STAT_H 1
#define HAVE_STDLIB_H 1
#define HAVE_STRING_H 1
#define HAVE_MEMORY_H 1
#define HAVE_STRINGS_H 1
#define HAVE_INTTYPES_H 1
#define HAVE_STDINT_H 1
#define HAVE_UNISTD_H 1

configure: exit 0
